
> wechat-data-collector-frontend@1.0.0 dev
> vite


  VITE v4.5.14  ready in 1101 ms

  ➜  Local:   http://localhost:5173/
  ➜  Network: use --host to expose
10:01:16 [vite] hmr update /src/pages/Accounts.tsx, /src/pages/Articles.tsx
10:01:29 [vite] hmr update /src/pages/Accounts.tsx
10:01:39 [vite] hmr update /src/pages/Accounts.tsx
10:02:04 [vite] hmr update /src/pages/Accounts.tsx
10:02:41 [vite] hmr update /src/pages/Accounts.tsx
10:03:16 [vite] hmr update /src/pages/Accounts.tsx, /src/pages/Articles.tsx
10:03:16 [vite] hmr update /src/pages/Accounts.tsx
10:05:19 [vite] hmr update /src/pages/Accounts.tsx
10:06:16 [vite] hmr update /src/pages/Accounts.tsx
11:59:38 [vite] hmr update /src/pages/Articles.css
11:59:49 [vite] hmr update /src/pages/Articles.css
11:59:49 [vite] hmr update /src/pages/Articles.css
12:00:11 [vite] hmr update /src/pages/Articles.css
12:00:21 [vite] hmr update /src/pages/Articles.css
12:00:34 [vite] hmr update /src/pages/Articles.css
12:02:01 [vite] hmr update /src/index.css
12:02:11 [vite] hmr update /src/pages/Articles.css
12:02:11 [vite] hmr update /src/pages/Articles.css
12:02:23 [vite] hmr update /src/pages/Articles.css
12:02:24 [vite] hmr update /src/pages/Articles.css
12:02:41 [vite] hmr update /src/index.css
12:02:53 [vite] hmr update /src/index.css
12:02:53 [vite] hmr update /src/pages/Articles.css
12:02:53 [vite] hmr update /src/index.css
12:02:53 [vite] hmr update /src/pages/Articles.css
12:03:25 [vite] hmr update /src/index.css
12:03:35 [vite] hmr update /src/pages/Articles.css
12:03:35 [vite] hmr update /src/pages/Articles.css
12:03:48 [vite] hmr update /src/pages/Articles.css
12:03:48 [vite] hmr update /src/index.css
19:59:26 [vite] vite.config.ts changed, restarting server...
19:59:26 [vite] server restarted.
20:01:34 [vite] vite.config.ts changed, restarting server...
20:01:35 [vite] server restarted.
20:19:02 [vite] hmr update /src/pages/Accounts.tsx
20:19:13 [vite] hmr update /src/pages/Accounts.tsx
20:19:13 [vite] hmr update /src/pages/Accounts.tsx
20:19:36 [vite] hmr update /src/pages/Accounts.tsx
20:22:12 [vite] hmr update /src/pages/Accounts.tsx
20:22:43 [vite] hmr update /src/pages/Accounts.tsx
20:23:09 [vite] hmr update /src/pages/Accounts.tsx
20:24:31 [vite] hmr update /src/pages/Accounts.tsx
20:24:41 [vite] hmr update /src/pages/Accounts.tsx
20:24:41 [vite] hmr update /src/pages/Accounts.tsx
20:24:48 [vite] hmr update /src/pages/Accounts.tsx
20:24:48 [vite] hmr update /src/pages/Accounts.tsx
20:24:55 [vite] hmr update /src/pages/Accounts.tsx
20:24:55 [vite] hmr update /src/pages/Accounts.tsx
20:25:01 [vite] hmr update /src/pages/Accounts.tsx
20:25:01 [vite] hmr update /src/pages/Accounts.tsx
20:25:15 [vite] hmr update /src/pages/Accounts.tsx
20:26:11 [vite] hmr update /src/pages/Accounts.tsx
20:26:22 [vite] hmr update /src/pages/Accounts.tsx
